0 info it worked if it ends with ok
1 verbose cli [ '/usr/bin/node',
1 verbose cli   '/usr/lib/nodejs/npm/bin/npm-cli.js',
1 verbose cli   'install',
1 verbose cli   'config' ]
2 info using npm@3.5.2
3 info using node@v8.10.0
4 silly loadCurrentTree Starting
5 silly install loadCurrentTree
6 silly install readLocalPackageData
7 silly fetchPackageMetaData config
8 silly fetchNamedPackageData config
9 silly mapToRegistry name config
10 silly mapToRegistry using default registry
11 silly mapToRegistry registry https://registry.npmjs.org/
12 silly mapToRegistry uri https://registry.npmjs.org/config
13 verbose request uri https://registry.npmjs.org/config
14 verbose request no auth needed
15 info attempt registry request try #1 at 20:32:04
16 verbose request id 444db9d6be424903
17 verbose etag W/"7bd8a65f0ea1ef45fd6fd2bcdd18f7e8"
18 verbose lastModified Mon, 23 Jul 2018 18:14:19 GMT
19 http request GET https://registry.npmjs.org/config
20 http 304 https://registry.npmjs.org/config
21 verbose headers { date: 'Thu, 26 Jul 2018 17:32:04 GMT',
21 verbose headers   connection: 'keep-alive',
21 verbose headers   'set-cookie':
21 verbose headers    [ '__cfduid=df9d4320bbbe373c76e28938946690ee91532626324; expires=Fri, 26-Jul-19 17:32:04 GMT; path=/; domain=.registry.npmjs.org; HttpOnly' ],
21 verbose headers   'cache-control': 'max-age=300',
21 verbose headers   'cf-cache-status': 'HIT',
21 verbose headers   'cf-ray': '44089a819efb8da1-DME',
21 verbose headers   etag: '"7bd8a65f0ea1ef45fd6fd2bcdd18f7e8"',
21 verbose headers   'expect-ct': 'max-age=604800, report-uri="https://report-uri.cloudflare.com/cdn-cgi/beacon/expect-ct"',
21 verbose headers   'last-modified': 'Mon, 23 Jul 2018 18:14:19 GMT',
21 verbose headers   vary: 'accept-encoding, accept',
21 verbose headers   server: 'cloudflare' }
22 silly get cb [ 304,
22 silly get   { date: 'Thu, 26 Jul 2018 17:32:04 GMT',
22 silly get     connection: 'keep-alive',
22 silly get     'set-cookie':
22 silly get      [ '__cfduid=df9d4320bbbe373c76e28938946690ee91532626324; expires=Fri, 26-Jul-19 17:32:04 GMT; path=/; domain=.registry.npmjs.org; HttpOnly' ],
22 silly get     'cache-control': 'max-age=300',
22 silly get     'cf-cache-status': 'HIT',
22 silly get     'cf-ray': '44089a819efb8da1-DME',
22 silly get     etag: '"7bd8a65f0ea1ef45fd6fd2bcdd18f7e8"',
22 silly get     'expect-ct': 'max-age=604800, report-uri="https://report-uri.cloudflare.com/cdn-cgi/beacon/expect-ct"',
22 silly get     'last-modified': 'Mon, 23 Jul 2018 18:14:19 GMT',
22 silly get     vary: 'accept-encoding, accept',
22 silly get     server: 'cloudflare' } ]
23 verbose etag https://registry.npmjs.org/config from cache
24 verbose get saving config to /home/kiryl/.npm/registry.npmjs.org/config/.cache.json
25 silly install normalizeTree
26 silly loadCurrentTree Finishing
27 silly loadIdealTree Starting
28 silly install loadIdealTree
29 silly cloneCurrentTree Starting
30 silly install cloneCurrentTreeToIdealTree
31 silly cloneCurrentTree Finishing
32 silly loadShrinkwrap Starting
33 silly install loadShrinkwrap
34 silly loadShrinkwrap Finishing
35 silly loadAllDepsIntoIdealTree Starting
36 silly install loadAllDepsIntoIdealTree
37 silly resolveWithNewModule config@1.31.0 checking installable status
38 silly cache add args [ 'config', null ]
39 verbose cache add spec config
40 silly cache add parsed spec Result {
40 silly cache add   raw: 'config',
40 silly cache add   scope: null,
40 silly cache add   name: 'config',
40 silly cache add   rawSpec: '',
40 silly cache add   spec: 'latest',
40 silly cache add   type: 'tag' }
41 silly addNamed config@latest
42 verbose addNamed "latest" is being treated as a dist-tag for config
43 info addNameTag [ 'config', 'latest' ]
44 silly mapToRegistry name config
45 silly mapToRegistry using default registry
46 silly mapToRegistry registry https://registry.npmjs.org/
47 silly mapToRegistry uri https://registry.npmjs.org/config
48 verbose addNameTag registry:https://registry.npmjs.org/config not in flight; fetching
49 verbose get https://registry.npmjs.org/config not expired, no request
50 silly addNameTag next cb for config with tag latest
51 silly addNamed config@1.31.0
52 verbose addNamed "1.31.0" is a plain semver version for config
53 silly cache afterAdd config@1.31.0
54 verbose afterAdd /home/kiryl/.npm/config/1.31.0/package/package.json not in flight; writing
55 verbose afterAdd /home/kiryl/.npm/config/1.31.0/package/package.json written
56 silly fetchNamedPackageData json5
57 silly mapToRegistry name json5
58 silly mapToRegistry using default registry
59 silly mapToRegistry registry https://registry.npmjs.org/
60 silly mapToRegistry uri https://registry.npmjs.org/json5
61 verbose request uri https://registry.npmjs.org/json5
62 verbose request no auth needed
63 info attempt registry request try #1 at 20:32:04
64 verbose etag W/"772963670ab441ef8dbd04d0781d26d8"
65 verbose lastModified Sat, 26 May 2018 13:35:26 GMT
66 http request GET https://registry.npmjs.org/json5
67 http 304 https://registry.npmjs.org/json5
68 verbose headers { date: 'Thu, 26 Jul 2018 17:32:04 GMT',
68 verbose headers   connection: 'keep-alive',
68 verbose headers   'set-cookie':
68 verbose headers    [ '__cfduid=df9d4320bbbe373c76e28938946690ee91532626324; expires=Fri, 26-Jul-19 17:32:04 GMT; path=/; domain=.registry.npmjs.org; HttpOnly' ],
68 verbose headers   'cache-control': 'max-age=300',
68 verbose headers   'cf-cache-status': 'HIT',
68 verbose headers   'cf-ray': '44089a82bf748da1-DME',
68 verbose headers   etag: '"772963670ab441ef8dbd04d0781d26d8"',
68 verbose headers   'expect-ct': 'max-age=604800, report-uri="https://report-uri.cloudflare.com/cdn-cgi/beacon/expect-ct"',
68 verbose headers   'last-modified': 'Sat, 26 May 2018 13:35:26 GMT',
68 verbose headers   vary: 'accept-encoding, accept',
68 verbose headers   server: 'cloudflare' }
69 silly get cb [ 304,
69 silly get   { date: 'Thu, 26 Jul 2018 17:32:04 GMT',
69 silly get     connection: 'keep-alive',
69 silly get     'set-cookie':
69 silly get      [ '__cfduid=df9d4320bbbe373c76e28938946690ee91532626324; expires=Fri, 26-Jul-19 17:32:04 GMT; path=/; domain=.registry.npmjs.org; HttpOnly' ],
69 silly get     'cache-control': 'max-age=300',
69 silly get     'cf-cache-status': 'HIT',
69 silly get     'cf-ray': '44089a82bf748da1-DME',
69 silly get     etag: '"772963670ab441ef8dbd04d0781d26d8"',
69 silly get     'expect-ct': 'max-age=604800, report-uri="https://report-uri.cloudflare.com/cdn-cgi/beacon/expect-ct"',
69 silly get     'last-modified': 'Sat, 26 May 2018 13:35:26 GMT',
69 silly get     vary: 'accept-encoding, accept',
69 silly get     server: 'cloudflare' } ]
70 verbose etag https://registry.npmjs.org/json5 from cache
71 verbose get saving json5 to /home/kiryl/.npm/registry.npmjs.org/json5/.cache.json
72 silly resolveWithNewModule json5@1.0.1 checking installable status
73 silly cache add args [ 'json5@^1.0.1', null ]
74 verbose cache add spec json5@^1.0.1
75 silly cache add parsed spec Result {
75 silly cache add   raw: 'json5@^1.0.1',
75 silly cache add   scope: null,
75 silly cache add   name: 'json5',
75 silly cache add   rawSpec: '^1.0.1',
75 silly cache add   spec: '>=1.0.1 <2.0.0',
75 silly cache add   type: 'range' }
76 silly addNamed json5@>=1.0.1 <2.0.0
77 verbose addNamed ">=1.0.1 <2.0.0" is a valid semver range for json5
78 silly addNameRange { name: 'json5', range: '>=1.0.1 <2.0.0', hasData: false }
79 silly mapToRegistry name json5
80 silly mapToRegistry using default registry
81 silly mapToRegistry registry https://registry.npmjs.org/
82 silly mapToRegistry uri https://registry.npmjs.org/json5
83 verbose addNameRange registry:https://registry.npmjs.org/json5 not in flight; fetching
84 verbose get https://registry.npmjs.org/json5 not expired, no request
85 silly addNameRange number 2 { name: 'json5', range: '>=1.0.1 <2.0.0', hasData: true }
86 silly addNameRange versions [ 'json5',
86 silly addNameRange   [ '0.0.0',
86 silly addNameRange     '0.0.1',
86 silly addNameRange     '0.1.0',
86 silly addNameRange     '0.2.0',
86 silly addNameRange     '0.4.0',
86 silly addNameRange     '0.5.0',
86 silly addNameRange     '0.5.1',
86 silly addNameRange     '1.0.0-dates',
86 silly addNameRange     '1.0.0-regexps',
86 silly addNameRange     '1.0.0-beta',
86 silly addNameRange     '1.0.0-dates-2',
86 silly addNameRange     '1.0.0-regexps-2',
86 silly addNameRange     '1.0.0-beta-2',
86 silly addNameRange     '1.0.0-beta.4',
86 silly addNameRange     '1.0.0',
86 silly addNameRange     '1.0.1' ] ]
87 silly addNamed json5@1.0.1
88 verbose addNamed "1.0.1" is a plain semver version for json5
89 silly cache afterAdd json5@1.0.1
90 verbose afterAdd /home/kiryl/.npm/json5/1.0.1/package/package.json not in flight; writing
91 verbose afterAdd /home/kiryl/.npm/json5/1.0.1/package/package.json written
92 silly fetchNamedPackageData minimist
93 silly mapToRegistry name minimist
94 silly mapToRegistry using default registry
95 silly mapToRegistry registry https://registry.npmjs.org/
96 silly mapToRegistry uri https://registry.npmjs.org/minimist
97 verbose request uri https://registry.npmjs.org/minimist
98 verbose request no auth needed
99 info attempt registry request try #1 at 20:32:04
100 verbose etag W/"a0b426a2c90a93be26bd6141b77d1f18"
101 verbose lastModified Sun, 27 May 2018 08:07:34 GMT
102 http request GET https://registry.npmjs.org/minimist
103 http 304 https://registry.npmjs.org/minimist
104 verbose headers { date: 'Thu, 26 Jul 2018 17:32:05 GMT',
104 verbose headers   connection: 'keep-alive',
104 verbose headers   'set-cookie':
104 verbose headers    [ '__cfduid=d825be1380a9b5bb41c1796fd2eb874ca1532626325; expires=Fri, 26-Jul-19 17:32:05 GMT; path=/; domain=.registry.npmjs.org; HttpOnly' ],
104 verbose headers   'cache-control': 'max-age=300',
104 verbose headers   'cf-cache-status': 'HIT',
104 verbose headers   'cf-ray': '44089a834f9e8da1-DME',
104 verbose headers   etag: '"a0b426a2c90a93be26bd6141b77d1f18"',
104 verbose headers   'expect-ct': 'max-age=604800, report-uri="https://report-uri.cloudflare.com/cdn-cgi/beacon/expect-ct"',
104 verbose headers   'last-modified': 'Sun, 27 May 2018 08:07:34 GMT',
104 verbose headers   vary: 'accept-encoding, accept',
104 verbose headers   server: 'cloudflare' }
105 silly get cb [ 304,
105 silly get   { date: 'Thu, 26 Jul 2018 17:32:05 GMT',
105 silly get     connection: 'keep-alive',
105 silly get     'set-cookie':
105 silly get      [ '__cfduid=d825be1380a9b5bb41c1796fd2eb874ca1532626325; expires=Fri, 26-Jul-19 17:32:05 GMT; path=/; domain=.registry.npmjs.org; HttpOnly' ],
105 silly get     'cache-control': 'max-age=300',
105 silly get     'cf-cache-status': 'HIT',
105 silly get     'cf-ray': '44089a834f9e8da1-DME',
105 silly get     etag: '"a0b426a2c90a93be26bd6141b77d1f18"',
105 silly get     'expect-ct': 'max-age=604800, report-uri="https://report-uri.cloudflare.com/cdn-cgi/beacon/expect-ct"',
105 silly get     'last-modified': 'Sun, 27 May 2018 08:07:34 GMT',
105 silly get     vary: 'accept-encoding, accept',
105 silly get     server: 'cloudflare' } ]
106 verbose etag https://registry.npmjs.org/minimist from cache
107 verbose get saving minimist to /home/kiryl/.npm/registry.npmjs.org/minimist/.cache.json
108 silly resolveWithNewModule minimist@1.2.0 checking installable status
109 silly cache add args [ 'minimist@^1.2.0', null ]
110 verbose cache add spec minimist@^1.2.0
111 silly cache add parsed spec Result {
111 silly cache add   raw: 'minimist@^1.2.0',
111 silly cache add   scope: null,
111 silly cache add   name: 'minimist',
111 silly cache add   rawSpec: '^1.2.0',
111 silly cache add   spec: '>=1.2.0 <2.0.0',
111 silly cache add   type: 'range' }
112 silly addNamed minimist@>=1.2.0 <2.0.0
113 verbose addNamed ">=1.2.0 <2.0.0" is a valid semver range for minimist
114 silly addNameRange { name: 'minimist', range: '>=1.2.0 <2.0.0', hasData: false }
115 silly mapToRegistry name minimist
116 silly mapToRegistry using default registry
117 silly mapToRegistry registry https://registry.npmjs.org/
118 silly mapToRegistry uri https://registry.npmjs.org/minimist
119 verbose addNameRange registry:https://registry.npmjs.org/minimist not in flight; fetching
120 verbose get https://registry.npmjs.org/minimist not expired, no request
121 silly addNameRange number 2 { name: 'minimist', range: '>=1.2.0 <2.0.0', hasData: true }
122 silly addNameRange versions [ 'minimist',
122 silly addNameRange   [ '0.0.0',
122 silly addNameRange     '0.0.1',
122 silly addNameRange     '0.0.2',
122 silly addNameRange     '0.0.3',
122 silly addNameRange     '0.0.4',
122 silly addNameRange     '0.0.5',
122 silly addNameRange     '0.0.6',
122 silly addNameRange     '0.0.7',
122 silly addNameRange     '0.0.8',
122 silly addNameRange     '0.0.9',
122 silly addNameRange     '0.0.10',
122 silly addNameRange     '0.1.0',
122 silly addNameRange     '0.2.0',
122 silly addNameRange     '1.0.0',
122 silly addNameRange     '1.1.0',
122 silly addNameRange     '1.1.1',
122 silly addNameRange     '1.1.2',
122 silly addNameRange     '1.1.3',
122 silly addNameRange     '1.2.0' ] ]
123 silly addNamed minimist@1.2.0
124 verbose addNamed "1.2.0" is a plain semver version for minimist
125 silly cache afterAdd minimist@1.2.0
126 verbose afterAdd /home/kiryl/.npm/minimist/1.2.0/package/package.json not in flight; writing
127 verbose afterAdd /home/kiryl/.npm/minimist/1.2.0/package/package.json written
128 silly loadAllDepsIntoIdealTree Finishing
129 silly idealTree:prePrune testprogect2@1.0.0
129 silly idealTree:prePrune ├── @types/geojson@1.0.6
129 silly idealTree:prePrune ├── @types/node@10.5.3
129 silly idealTree:prePrune ├── accepts@1.3.5
129 silly idealTree:prePrune ├── align-text@0.1.4
129 silly idealTree:prePrune ├── amdefine@1.0.1
129 silly idealTree:prePrune ├── ansicolors@0.2.1
129 silly idealTree:prePrune ├── array-flatten@1.1.1
129 silly idealTree:prePrune ├── asap@2.0.6
129 silly idealTree:prePrune ├── async@1.5.2
129 silly idealTree:prePrune ├── balanced-match@1.0.0
129 silly idealTree:prePrune ├── bcrypt-nodejs@0.0.3
129 silly idealTree:prePrune ├── bignumber.js@4.1.0
129 silly idealTree:prePrune ├── bluebird@3.5.1
129 silly idealTree:prePrune ├─┬ body-parser@1.18.3
129 silly idealTree:prePrune │ └── qs@6.5.2
129 silly idealTree:prePrune ├── brace-expansion@1.1.11
129 silly idealTree:prePrune ├── bytes@3.0.0
129 silly idealTree:prePrune ├── camelcase@1.2.1
129 silly idealTree:prePrune ├── cardinal@1.0.0
129 silly idealTree:prePrune ├── center-align@0.1.3
129 silly idealTree:prePrune ├─┬ cliui@2.1.0
129 silly idealTree:prePrune │ └── wordwrap@0.0.2
129 silly idealTree:prePrune ├── cls-bluebird@2.1.0
129 silly idealTree:prePrune ├── concat-map@0.0.1
129 silly idealTree:prePrune ├── config@1.31.0
129 silly idealTree:prePrune ├── content-disposition@0.5.2
129 silly idealTree:prePrune ├── content-type@1.0.4
129 silly idealTree:prePrune ├── cookie-signature@1.0.6
129 silly idealTree:prePrune ├── cookie@0.3.1
129 silly idealTree:prePrune ├── core-util-is@1.0.2
129 silly idealTree:prePrune ├── crc@3.4.4
129 silly idealTree:prePrune ├── debug@2.6.9
129 silly idealTree:prePrune ├── decamelize@1.2.0
129 silly idealTree:prePrune ├── define-properties@1.1.2
129 silly idealTree:prePrune ├── denque@1.2.3
129 silly idealTree:prePrune ├── depd@1.1.2
129 silly idealTree:prePrune ├── destroy@1.0.4
129 silly idealTree:prePrune ├── dotenv@6.0.0
129 silly idealTree:prePrune ├── dottie@2.0.0
129 silly idealTree:prePrune ├── ee-first@1.1.1
129 silly idealTree:prePrune ├── encodeurl@1.0.2
129 silly idealTree:prePrune ├── escape-html@1.0.3
129 silly idealTree:prePrune ├── esprima@3.0.0
129 silly idealTree:prePrune ├── etag@1.8.1
129 silly idealTree:prePrune ├── express-handlebars@3.0.0
129 silly idealTree:prePrune ├── express-session@1.15.6
129 silly idealTree:prePrune ├─┬ express@4.16.3
129 silly idealTree:prePrune │ ├── body-parser@1.18.2
129 silly idealTree:prePrune │ ├── iconv-lite@0.4.19
129 silly idealTree:prePrune │ └─┬ raw-body@2.3.2
129 silly idealTree:prePrune │   ├── depd@1.1.1
129 silly idealTree:prePrune │   ├── http-errors@1.6.2
129 silly idealTree:prePrune │   └── setprototypeof@1.0.3
129 silly idealTree:prePrune ├── finalhandler@1.1.1
129 silly idealTree:prePrune ├── foreach@2.0.5
129 silly idealTree:prePrune ├── forwarded@0.1.2
129 silly idealTree:prePrune ├── fresh@0.5.2
129 silly idealTree:prePrune ├── function-bind@1.1.1
129 silly idealTree:prePrune ├── generate-function@2.0.0
129 silly idealTree:prePrune ├── generic-pool@3.4.2
129 silly idealTree:prePrune ├── glob@6.0.4
129 silly idealTree:prePrune ├── graceful-fs@4.1.11
129 silly idealTree:prePrune ├── handlebars@4.0.11
129 silly idealTree:prePrune ├── has-symbols@1.0.0
129 silly idealTree:prePrune ├── http-errors@1.6.3
129 silly idealTree:prePrune ├── iconv-lite@0.4.23
129 silly idealTree:prePrune ├── inflection@1.12.0
129 silly idealTree:prePrune ├── inflight@1.0.6
129 silly idealTree:prePrune ├── inherits@2.0.3
129 silly idealTree:prePrune ├── ipaddr.js@1.6.0
129 silly idealTree:prePrune ├── is-bluebird@1.0.2
129 silly idealTree:prePrune ├── is-buffer@1.1.6
129 silly idealTree:prePrune ├── isarray@1.0.0
129 silly idealTree:prePrune ├─┬ json5@1.0.1
129 silly idealTree:prePrune │ └── minimist@1.2.0
129 silly idealTree:prePrune ├── kind-of@3.2.2
129 silly idealTree:prePrune ├── lazy-cache@1.0.4
129 silly idealTree:prePrune ├── lodash@4.17.10
129 silly idealTree:prePrune ├── long@4.0.0
129 silly idealTree:prePrune ├── longest@1.0.1
129 silly idealTree:prePrune ├── lru-cache@4.1.1
129 silly idealTree:prePrune ├── media-typer@0.3.0
129 silly idealTree:prePrune ├── merge-descriptors@1.0.1
129 silly idealTree:prePrune ├── methods@1.1.2
129 silly idealTree:prePrune ├── mime-db@1.35.0
129 silly idealTree:prePrune ├── mime-types@2.1.19
129 silly idealTree:prePrune ├── mime@1.4.1
129 silly idealTree:prePrune ├── minimatch@3.0.4
129 silly idealTree:prePrune ├── minimist@0.0.10
129 silly idealTree:prePrune ├── moment-timezone@0.5.21
129 silly idealTree:prePrune ├── moment@2.22.2
129 silly idealTree:prePrune ├── ms@2.0.0
129 silly idealTree:prePrune ├─┬ mysql@2.16.0
129 silly idealTree:prePrune │ └── safe-buffer@5.1.2
129 silly idealTree:prePrune ├─┬ mysql2@1.5.3
129 silly idealTree:prePrune │ ├── readable-stream@2.3.5
129 silly idealTree:prePrune │ └── string_decoder@1.0.3
129 silly idealTree:prePrune ├─┬ named-placeholders@1.1.1
129 silly idealTree:prePrune │ └── lru-cache@2.5.0
129 silly idealTree:prePrune ├── negotiator@0.6.1
129 silly idealTree:prePrune ├── object-assign@4.1.1
129 silly idealTree:prePrune ├── object-keys@1.0.12
129 silly idealTree:prePrune ├── object.assign@4.1.0
129 silly idealTree:prePrune ├── on-finished@2.3.0
129 silly idealTree:prePrune ├── on-headers@1.0.1
129 silly idealTree:prePrune ├── once@1.4.0
129 silly idealTree:prePrune ├── optimist@0.6.1
129 silly idealTree:prePrune ├── parseurl@1.3.2
129 silly idealTree:prePrune ├── passport-local@1.0.0
129 silly idealTree:prePrune ├── passport-strategy@1.0.0
129 silly idealTree:prePrune ├── passport@0.4.0
129 silly idealTree:prePrune ├── path-is-absolute@1.0.1
129 silly idealTree:prePrune ├── path-to-regexp@0.1.7
129 silly idealTree:prePrune ├── pause@0.0.1
129 silly idealTree:prePrune ├── process-nextick-args@2.0.0
129 silly idealTree:prePrune ├── promise@7.3.1
129 silly idealTree:prePrune ├── proxy-addr@2.0.3
129 silly idealTree:prePrune ├── pseudomap@1.0.2
129 silly idealTree:prePrune ├── qs@6.5.1
129 silly idealTree:prePrune ├── random-bytes@1.0.0
129 silly idealTree:prePrune ├── range-parser@1.2.0
129 silly idealTree:prePrune ├── raw-body@2.3.3
129 silly idealTree:prePrune ├── readable-stream@2.3.6
129 silly idealTree:prePrune ├── redeyed@1.0.1
129 silly idealTree:prePrune ├── repeat-string@1.6.1
129 silly idealTree:prePrune ├── retry-as-promised@2.3.2
129 silly idealTree:prePrune ├── right-align@0.1.3
129 silly idealTree:prePrune ├── safe-buffer@5.1.1
129 silly idealTree:prePrune ├── safer-buffer@2.1.2
129 silly idealTree:prePrune ├── semver@5.5.0
129 silly idealTree:prePrune ├── send@0.16.2
129 silly idealTree:prePrune ├── seq-queue@0.0.5
129 silly idealTree:prePrune ├─┬ sequelize@4.38.0
129 silly idealTree:prePrune │ └── debug@3.1.0
129 silly idealTree:prePrune ├── serve-static@1.13.2
129 silly idealTree:prePrune ├── setprototypeof@1.1.0
129 silly idealTree:prePrune ├── shimmer@1.2.0
129 silly idealTree:prePrune ├── source-map@0.4.4
129 silly idealTree:prePrune ├── sqlstring@2.3.1
129 silly idealTree:prePrune ├── statuses@1.4.0
129 silly idealTree:prePrune ├── string_decoder@1.1.1
129 silly idealTree:prePrune ├── terraformer-wkt-parser@1.2.0
129 silly idealTree:prePrune ├── terraformer@1.0.9
129 silly idealTree:prePrune ├── toposort-class@1.0.1
129 silly idealTree:prePrune ├── type-is@1.6.16
129 silly idealTree:prePrune ├─┬ uglify-js@2.8.29
129 silly idealTree:prePrune │ └── source-map@0.5.7
129 silly idealTree:prePrune ├── uglify-to-browserify@1.0.2
129 silly idealTree:prePrune ├── uid-safe@2.1.5
129 silly idealTree:prePrune ├── unpipe@1.0.0
129 silly idealTree:prePrune ├── util-deprecate@1.0.2
129 silly idealTree:prePrune ├── utils-merge@1.0.1
129 silly idealTree:prePrune ├── uuid@3.3.2
129 silly idealTree:prePrune ├── validator@10.4.0
129 silly idealTree:prePrune ├── vary@1.1.2
129 silly idealTree:prePrune ├── window-size@0.1.0
129 silly idealTree:prePrune ├── wkx@0.4.5
129 silly idealTree:prePrune ├── wordwrap@0.0.3
129 silly idealTree:prePrune ├── wrappy@1.0.2
129 silly idealTree:prePrune ├── yallist@2.1.2
129 silly idealTree:prePrune └── yargs@3.10.0
130 silly loadIdealTree Finishing
131 silly currentTree testprogect2@1.0.0
131 silly currentTree ├── @types/geojson@1.0.6
131 silly currentTree ├── @types/node@10.5.3
131 silly currentTree ├── accepts@1.3.5
131 silly currentTree ├── align-text@0.1.4
131 silly currentTree ├── amdefine@1.0.1
131 silly currentTree ├── ansicolors@0.2.1
131 silly currentTree ├── array-flatten@1.1.1
131 silly currentTree ├── asap@2.0.6
131 silly currentTree ├── async@1.5.2
131 silly currentTree ├── balanced-match@1.0.0
131 silly currentTree ├── bcrypt-nodejs@0.0.3
131 silly currentTree ├── bignumber.js@4.1.0
131 silly currentTree ├── bluebird@3.5.1
131 silly currentTree ├─┬ body-parser@1.18.3
131 silly currentTree │ └── qs@6.5.2
131 silly currentTree ├── brace-expansion@1.1.11
131 silly currentTree ├── bytes@3.0.0
131 silly currentTree ├── camelcase@1.2.1
131 silly currentTree ├── cardinal@1.0.0
131 silly currentTree ├── center-align@0.1.3
131 silly currentTree ├─┬ cliui@2.1.0
131 silly currentTree │ └── wordwrap@0.0.2
131 silly currentTree ├── cls-bluebird@2.1.0
131 silly currentTree ├── concat-map@0.0.1
131 silly currentTree ├── content-disposition@0.5.2
131 silly currentTree ├── content-type@1.0.4
131 silly currentTree ├── cookie-signature@1.0.6
131 silly currentTree ├── cookie@0.3.1
131 silly currentTree ├── core-util-is@1.0.2
131 silly currentTree ├── crc@3.4.4
131 silly currentTree ├── debug@2.6.9
131 silly currentTree ├── decamelize@1.2.0
131 silly currentTree ├── define-properties@1.1.2
131 silly currentTree ├── denque@1.2.3
131 silly currentTree ├── depd@1.1.2
131 silly currentTree ├── destroy@1.0.4
131 silly currentTree ├── dotenv@6.0.0
131 silly currentTree ├── dottie@2.0.0
131 silly currentTree ├── ee-first@1.1.1
131 silly currentTree ├── encodeurl@1.0.2
131 silly currentTree ├── escape-html@1.0.3
131 silly currentTree ├── esprima@3.0.0
131 silly currentTree ├── etag@1.8.1
131 silly currentTree ├── express-handlebars@3.0.0
131 silly currentTree ├── express-session@1.15.6
131 silly currentTree ├─┬ express@4.16.3
131 silly currentTree │ ├── body-parser@1.18.2
131 silly currentTree │ ├── iconv-lite@0.4.19
131 silly currentTree │ └─┬ raw-body@2.3.2
131 silly currentTree │   ├── depd@1.1.1
131 silly currentTree │   ├── http-errors@1.6.2
131 silly currentTree │   └── setprototypeof@1.0.3
131 silly currentTree ├── finalhandler@1.1.1
131 silly currentTree ├── foreach@2.0.5
131 silly currentTree ├── forwarded@0.1.2
131 silly currentTree ├── fresh@0.5.2
131 silly currentTree ├── function-bind@1.1.1
131 silly currentTree ├── generate-function@2.0.0
131 silly currentTree ├── generic-pool@3.4.2
131 silly currentTree ├── glob@6.0.4
131 silly currentTree ├── graceful-fs@4.1.11
131 silly currentTree ├── handlebars@4.0.11
131 silly currentTree ├── has-symbols@1.0.0
131 silly currentTree ├── http-errors@1.6.3
131 silly currentTree ├── iconv-lite@0.4.23
131 silly currentTree ├── inflection@1.12.0
131 silly currentTree ├── inflight@1.0.6
131 silly currentTree ├── inherits@2.0.3
131 silly currentTree ├── ipaddr.js@1.6.0
131 silly currentTree ├── is-bluebird@1.0.2
131 silly currentTree ├── is-buffer@1.1.6
131 silly currentTree ├── isarray@1.0.0
131 silly currentTree ├── kind-of@3.2.2
131 silly currentTree ├── lazy-cache@1.0.4
131 silly currentTree ├── lodash@4.17.10
131 silly currentTree ├── long@4.0.0
131 silly currentTree ├── longest@1.0.1
131 silly currentTree ├── lru-cache@4.1.1
131 silly currentTree ├── media-typer@0.3.0
131 silly currentTree ├── merge-descriptors@1.0.1
131 silly currentTree ├── methods@1.1.2
131 silly currentTree ├── mime-db@1.35.0
131 silly currentTree ├── mime-types@2.1.19
131 silly currentTree ├── mime@1.4.1
131 silly currentTree ├── minimatch@3.0.4
131 silly currentTree ├── minimist@0.0.10
131 silly currentTree ├── moment-timezone@0.5.21
131 silly currentTree ├── moment@2.22.2
131 silly currentTree ├── ms@2.0.0
131 silly currentTree ├─┬ mysql@2.16.0
131 silly currentTree │ └── safe-buffer@5.1.2
131 silly currentTree ├─┬ mysql2@1.5.3
131 silly currentTree │ ├── readable-stream@2.3.5
131 silly currentTree │ └── string_decoder@1.0.3
131 silly currentTree ├─┬ named-placeholders@1.1.1
131 silly currentTree │ └── lru-cache@2.5.0
131 silly currentTree ├── negotiator@0.6.1
131 silly currentTree ├── object-assign@4.1.1
131 silly currentTree ├── object-keys@1.0.12
131 silly currentTree ├── object.assign@4.1.0
131 silly currentTree ├── on-finished@2.3.0
131 silly currentTree ├── on-headers@1.0.1
131 silly currentTree ├── once@1.4.0
131 silly currentTree ├── optimist@0.6.1
131 silly currentTree ├── parseurl@1.3.2
131 silly currentTree ├── passport-local@1.0.0
131 silly currentTree ├── passport-strategy@1.0.0
131 silly currentTree ├── passport@0.4.0
131 silly currentTree ├── path-is-absolute@1.0.1
131 silly currentTree ├── path-to-regexp@0.1.7
131 silly currentTree ├── pause@0.0.1
131 silly currentTree ├── process-nextick-args@2.0.0
131 silly currentTree ├── promise@7.3.1
131 silly currentTree ├── proxy-addr@2.0.3
131 silly currentTree ├── pseudomap@1.0.2
131 silly currentTree ├── qs@6.5.1
131 silly currentTree ├── random-bytes@1.0.0
131 silly currentTree ├── range-parser@1.2.0
131 silly currentTree ├── raw-body@2.3.3
131 silly currentTree ├── readable-stream@2.3.6
131 silly currentTree ├── redeyed@1.0.1
131 silly currentTree ├── repeat-string@1.6.1
131 silly currentTree ├── retry-as-promised@2.3.2
131 silly currentTree ├── right-align@0.1.3
131 silly currentTree ├── safe-buffer@5.1.1
131 silly currentTree ├── safer-buffer@2.1.2
131 silly currentTree ├── semver@5.5.0
131 silly currentTree ├── send@0.16.2
131 silly currentTree ├── seq-queue@0.0.5
131 silly currentTree ├─┬ sequelize@4.38.0
131 silly currentTree │ └── debug@3.1.0
131 silly currentTree ├── serve-static@1.13.2
131 silly currentTree ├── setprototypeof@1.1.0
131 silly currentTree ├── shimmer@1.2.0
131 silly currentTree ├── source-map@0.4.4
131 silly currentTree ├── sqlstring@2.3.1
131 silly currentTree ├── statuses@1.4.0
131 silly currentTree ├── string_decoder@1.1.1
131 silly currentTree ├── terraformer-wkt-parser@1.2.0
131 silly currentTree ├── terraformer@1.0.9
131 silly currentTree ├── toposort-class@1.0.1
131 silly currentTree ├── type-is@1.6.16
131 silly currentTree ├─┬ uglify-js@2.8.29
131 silly currentTree │ └── source-map@0.5.7
131 silly currentTree ├── uglify-to-browserify@1.0.2
131 silly currentTree ├── uid-safe@2.1.5
131 silly currentTree ├── unpipe@1.0.0
131 silly currentTree ├── util-deprecate@1.0.2
131 silly currentTree ├── utils-merge@1.0.1
131 silly currentTree ├── uuid@3.3.2
131 silly currentTree ├── validator@10.4.0
131 silly currentTree ├── vary@1.1.2
131 silly currentTree ├── window-size@0.1.0
131 silly currentTree ├── wkx@0.4.5
131 silly currentTree ├── wordwrap@0.0.3
131 silly currentTree ├── wrappy@1.0.2
131 silly currentTree ├── yallist@2.1.2
131 silly currentTree └── yargs@3.10.0
132 silly idealTree testprogect2@1.0.0
132 silly idealTree ├── @types/geojson@1.0.6
132 silly idealTree ├── @types/node@10.5.3
132 silly idealTree ├── accepts@1.3.5
132 silly idealTree ├── align-text@0.1.4
132 silly idealTree ├── amdefine@1.0.1
132 silly idealTree ├── ansicolors@0.2.1
132 silly idealTree ├── array-flatten@1.1.1
132 silly idealTree ├── asap@2.0.6
132 silly idealTree ├── async@1.5.2
132 silly idealTree ├── balanced-match@1.0.0
132 silly idealTree ├── bcrypt-nodejs@0.0.3
132 silly idealTree ├── bignumber.js@4.1.0
132 silly idealTree ├── bluebird@3.5.1
132 silly idealTree ├─┬ body-parser@1.18.3
132 silly idealTree │ └── qs@6.5.2
132 silly idealTree ├── brace-expansion@1.1.11
132 silly idealTree ├── bytes@3.0.0
132 silly idealTree ├── camelcase@1.2.1
132 silly idealTree ├── cardinal@1.0.0
132 silly idealTree ├── center-align@0.1.3
132 silly idealTree ├─┬ cliui@2.1.0
132 silly idealTree │ └── wordwrap@0.0.2
132 silly idealTree ├── cls-bluebird@2.1.0
132 silly idealTree ├── concat-map@0.0.1
132 silly idealTree ├── config@1.31.0
132 silly idealTree ├── content-disposition@0.5.2
132 silly idealTree ├── content-type@1.0.4
132 silly idealTree ├── cookie-signature@1.0.6
132 silly idealTree ├── cookie@0.3.1
132 silly idealTree ├── core-util-is@1.0.2
132 silly idealTree ├── crc@3.4.4
132 silly idealTree ├── debug@2.6.9
132 silly idealTree ├── decamelize@1.2.0
132 silly idealTree ├── define-properties@1.1.2
132 silly idealTree ├── denque@1.2.3
132 silly idealTree ├── depd@1.1.2
132 silly idealTree ├── destroy@1.0.4
132 silly idealTree ├── dotenv@6.0.0
132 silly idealTree ├── dottie@2.0.0
132 silly idealTree ├── ee-first@1.1.1
132 silly idealTree ├── encodeurl@1.0.2
132 silly idealTree ├── escape-html@1.0.3
132 silly idealTree ├── esprima@3.0.0
132 silly idealTree ├── etag@1.8.1
132 silly idealTree ├── express-handlebars@3.0.0
132 silly idealTree ├── express-session@1.15.6
132 silly idealTree ├─┬ express@4.16.3
132 silly idealTree │ ├── body-parser@1.18.2
132 silly idealTree │ ├── iconv-lite@0.4.19
132 silly idealTree │ └─┬ raw-body@2.3.2
132 silly idealTree │   ├── depd@1.1.1
132 silly idealTree │   ├── http-errors@1.6.2
132 silly idealTree │   └── setprototypeof@1.0.3
132 silly idealTree ├── finalhandler@1.1.1
132 silly idealTree ├── foreach@2.0.5
132 silly idealTree ├── forwarded@0.1.2
132 silly idealTree ├── fresh@0.5.2
132 silly idealTree ├── function-bind@1.1.1
132 silly idealTree ├── generate-function@2.0.0
132 silly idealTree ├── generic-pool@3.4.2
132 silly idealTree ├── glob@6.0.4
132 silly idealTree ├── graceful-fs@4.1.11
132 silly idealTree ├── handlebars@4.0.11
132 silly idealTree ├── has-symbols@1.0.0
132 silly idealTree ├── http-errors@1.6.3
132 silly idealTree ├── iconv-lite@0.4.23
132 silly idealTree ├── inflection@1.12.0
132 silly idealTree ├── inflight@1.0.6
132 silly idealTree ├── inherits@2.0.3
132 silly idealTree ├── ipaddr.js@1.6.0
132 silly idealTree ├── is-bluebird@1.0.2
132 silly idealTree ├── is-buffer@1.1.6
132 silly idealTree ├── isarray@1.0.0
132 silly idealTree ├─┬ json5@1.0.1
132 silly idealTree │ └── minimist@1.2.0
132 silly idealTree ├── kind-of@3.2.2
132 silly idealTree ├── lazy-cache@1.0.4
132 silly idealTree ├── lodash@4.17.10
132 silly idealTree ├── long@4.0.0
132 silly idealTree ├── longest@1.0.1
132 silly idealTree ├── lru-cache@4.1.1
132 silly idealTree ├── media-typer@0.3.0
132 silly idealTree ├── merge-descriptors@1.0.1
132 silly idealTree ├── methods@1.1.2
132 silly idealTree ├── mime-db@1.35.0
132 silly idealTree ├── mime-types@2.1.19
132 silly idealTree ├── mime@1.4.1
132 silly idealTree ├── minimatch@3.0.4
132 silly idealTree ├── minimist@0.0.10
132 silly idealTree ├── moment-timezone@0.5.21
132 silly idealTree ├── moment@2.22.2
132 silly idealTree ├── ms@2.0.0
132 silly idealTree ├─┬ mysql@2.16.0
132 silly idealTree │ └── safe-buffer@5.1.2
132 silly idealTree ├─┬ mysql2@1.5.3
132 silly idealTree │ ├── readable-stream@2.3.5
132 silly idealTree │ └── string_decoder@1.0.3
132 silly idealTree ├─┬ named-placeholders@1.1.1
132 silly idealTree │ └── lru-cache@2.5.0
132 silly idealTree ├── negotiator@0.6.1
132 silly idealTree ├── object-assign@4.1.1
132 silly idealTree ├── object-keys@1.0.12
132 silly idealTree ├── object.assign@4.1.0
132 silly idealTree ├── on-finished@2.3.0
132 silly idealTree ├── on-headers@1.0.1
132 silly idealTree ├── once@1.4.0
132 silly idealTree ├── optimist@0.6.1
132 silly idealTree ├── parseurl@1.3.2
132 silly idealTree ├── passport-local@1.0.0
132 silly idealTree ├── passport-strategy@1.0.0
132 silly idealTree ├── passport@0.4.0
132 silly idealTree ├── path-is-absolute@1.0.1
132 silly idealTree ├── path-to-regexp@0.1.7
132 silly idealTree ├── pause@0.0.1
132 silly idealTree ├── process-nextick-args@2.0.0
132 silly idealTree ├── promise@7.3.1
132 silly idealTree ├── proxy-addr@2.0.3
132 silly idealTree ├── pseudomap@1.0.2
132 silly idealTree ├── qs@6.5.1
132 silly idealTree ├── random-bytes@1.0.0
132 silly idealTree ├── range-parser@1.2.0
132 silly idealTree ├── raw-body@2.3.3
132 silly idealTree ├── readable-stream@2.3.6
132 silly idealTree ├── redeyed@1.0.1
132 silly idealTree ├── repeat-string@1.6.1
132 silly idealTree ├── retry-as-promised@2.3.2
132 silly idealTree ├── right-align@0.1.3
132 silly idealTree ├── safe-buffer@5.1.1
132 silly idealTree ├── safer-buffer@2.1.2
132 silly idealTree ├── semver@5.5.0
132 silly idealTree ├── send@0.16.2
132 silly idealTree ├── seq-queue@0.0.5
132 silly idealTree ├─┬ sequelize@4.38.0
132 silly idealTree │ └── debug@3.1.0
132 silly idealTree ├── serve-static@1.13.2
132 silly idealTree ├── setprototypeof@1.1.0
132 silly idealTree ├── shimmer@1.2.0
132 silly idealTree ├── source-map@0.4.4
132 silly idealTree ├── sqlstring@2.3.1
132 silly idealTree ├── statuses@1.4.0
132 silly idealTree ├── string_decoder@1.1.1
132 silly idealTree ├── terraformer-wkt-parser@1.2.0
132 silly idealTree ├── terraformer@1.0.9
132 silly idealTree ├── toposort-class@1.0.1
132 silly idealTree ├── type-is@1.6.16
132 silly idealTree ├─┬ uglify-js@2.8.29
132 silly idealTree │ └── source-map@0.5.7
132 silly idealTree ├── uglify-to-browserify@1.0.2
132 silly idealTree ├── uid-safe@2.1.5
132 silly idealTree ├── unpipe@1.0.0
132 silly idealTree ├── util-deprecate@1.0.2
132 silly idealTree ├── utils-merge@1.0.1
132 silly idealTree ├── uuid@3.3.2
132 silly idealTree ├── validator@10.4.0
132 silly idealTree ├── vary@1.1.2
132 silly idealTree ├── window-size@0.1.0
132 silly idealTree ├── wkx@0.4.5
132 silly idealTree ├── wordwrap@0.0.3
132 silly idealTree ├── wrappy@1.0.2
132 silly idealTree ├── yallist@2.1.2
132 silly idealTree └── yargs@3.10.0
133 silly generateActionsToTake Starting
134 silly install generateActionsToTake
135 warn checkPermissions Missing write access to /home/kiryl/WebstormProjects/testprogect2/node_modules/bcrypt-nodejs
136 warn checkPermissions Missing write access to /home/kiryl/WebstormProjects/testprogect2/node_modules/body-parser
137 warn checkPermissions Missing write access to /home/kiryl/WebstormProjects/testprogect2/node_modules/dotenv
138 warn checkPermissions Missing write access to /home/kiryl/WebstormProjects/testprogect2/node_modules/express
139 warn checkPermissions Missing write access to /home/kiryl/WebstormProjects/testprogect2/node_modules/express-handlebars
140 warn checkPermissions Missing write access to /home/kiryl/WebstormProjects/testprogect2/node_modules/express-session
141 warn checkPermissions Missing write access to /home/kiryl/WebstormProjects/testprogect2/node_modules/mysql
142 warn checkPermissions Missing write access to /home/kiryl/WebstormProjects/testprogect2/node_modules/mysql2
143 warn checkPermissions Missing write access to /home/kiryl/WebstormProjects/testprogect2/node_modules/passport
144 warn checkPermissions Missing write access to /home/kiryl/WebstormProjects/testprogect2/node_modules/passport-local
145 warn checkPermissions Missing write access to /home/kiryl/WebstormProjects/testprogect2/node_modules/sequelize
146 warn checkPermissions Missing write access to /home/kiryl/WebstormProjects/testprogect2/node_modules
147 silly rollbackFailedOptional Starting
148 silly rollbackFailedOptional Finishing
149 silly runTopLevelLifecycles Starting
150 silly runTopLevelLifecycles Finishing
151 silly install printInstalled
152 verbose stack Error: EACCES: permission denied, access '/home/kiryl/WebstormProjects/testprogect2/node_modules/bcrypt-nodejs'
153 verbose cwd /home/kiryl/WebstormProjects/testprogect2
154 error Linux 4.15.0-29-generic
155 error argv "/usr/bin/node" "/usr/lib/nodejs/npm/bin/npm-cli.js" "install" "config"
156 error node v8.10.0
157 error npm  v3.5.2
158 error path /home/kiryl/WebstormProjects/testprogect2/node_modules/bcrypt-nodejs
159 error code EACCES
160 error errno -13
161 error syscall access
162 error Error: EACCES: permission denied, access '/home/kiryl/WebstormProjects/testprogect2/node_modules/bcrypt-nodejs'
162 error  { Error: EACCES: permission denied, access '/home/kiryl/WebstormProjects/testprogect2/node_modules/bcrypt-nodejs'
162 error   errno: -13,
162 error   code: 'EACCES',
162 error   syscall: 'access',
162 error   path: '/home/kiryl/WebstormProjects/testprogect2/node_modules/bcrypt-nodejs' }
163 error Please try running this command again as root/Administrator.
164 verbose exit [ -13, true ]
